{"name": "test_registration", "status": "failed", "statusDetails": {"message": "AssertionError: assert 'Your Account Has Been Created' in 'Register Account'\n +  where 'Register Account' = <selenium.webdriver.chrome.webdriver.WebDriver (session=\"5e019844f1287d616811e8254b9bc48a\")>.title", "trace": "self = <reg_test.TestUserRegistration object at 0x10eac4e80>\n\n    def test_registration(self):\n        try:\n            driver=self.driver\n            driver.get(utils.URL)\n    \n            home=HomePage(driver)\n            home.click_myacc_btn()\n            home.click_register_btn()\n    \n            register=RegisterPage(driver)\n            register.enter_firstname(utils.FIRSTNAME)\n            register.enter_lastname(utils.LASTNAME)\n            register.enter_email(utils.EMAIL)\n            register.enter_phone(utils.PHONE)\n            register.enter_password(utils.PASSWORD)\n            register.enter_confirmpwd(utils.CONFIRM_PWD)\n            register.click_newsletter_btn()\n            register.click_agree_btn()\n            register.click_continue()\n    \n            #driver.implicitly_wait(10)\n    \n>           assert \"Your Account Has Been Created\" in driver.title\nE           assert 'Your Account Has Been Created' in 'Register Account'\nE            +  where 'Register Account' = <selenium.webdriver.chrome.webdriver.WebDriver (session=\"5e019844f1287d616811e8254b9bc48a\")>.title\n\ntests/reg_test.py:36: AssertionError"}, "attachments": [{"name": "test_registration_02-04-2020_21-08-08", "source": "40a79e77-517f-4df3-8e88-431dbad80bae-attachment.png", "type": "image/png"}, {"name": "stdout", "source": "d4326de6-ce31-4fc5-a0d3-226f6323ea2a-attachment.txt", "type": "text/plain"}], "start": 1585858082483, "stop": 1585858089591, "uuid": "7aa45efa-4290-4f1c-9da1-903fe53aec75", "historyId": "a2fb322deebf22fee1c5aec68fd5719e", "testCaseId": "95b2349800ad6a5cf8f398a140ec8611", "fullName": "tests.reg_test.TestUserRegistration#test_registration", "labels": [{"name": "parentSuite", "value": "tests"}, {"name": "suite", "value": "reg_test"}, {"name": "subSuite", "value": "TestUserRegistration"}, {"name": "host", "value": "Sharaths-MacBook-Air.local"}, {"name": "thread", "value": "7364-MainThread"}, {"name": "framework", "value": "pytest"}, {"name": "language", "value": "cpython3"}, {"name": "package", "value": "tests.reg_test"}]}