{"name": "test_registration", "status": "failed", "statusDetails": {"message": "AssertionError: assert 'Your Account Has Been Created' in 'Register Account'\n +  where 'Register Account' = <selenium.webdriver.chrome.webdriver.WebDriver (session=\"9920727155673ea2b1af2a43587aee7a\")>.title", "trace": "self = <reg_test.TestUserRegistration object at 0x10a664e48>\n\n    def test_registration(self):\n        try:\n            driver=self.driver\n            driver.get(utils.URL)\n    \n            home=HomePage(driver)\n            home.click_myacc_btn()\n            home.click_register_btn()\n    \n            register=RegisterPage(driver)\n            register.enter_firstname(utils.FIRSTNAME)\n            register.enter_lastname(utils.LASTNAME)\n            register.enter_email(utils.EMAIL)\n            register.enter_phone(utils.PHONE)\n            register.enter_password(utils.PASSWORD)\n            register.enter_confirmpwd(utils.CONFIRM_PWD)\n            register.click_newsletter_btn()\n            register.click_agree_btn()\n            register.click_continue()\n    \n            #driver.implicitly_wait(10)\n    \n>           assert \"Your Account Has Been Created\" in driver.title\nE           assert 'Your Account Has Been Created' in 'Register Account'\nE            +  where 'Register Account' = <selenium.webdriver.chrome.webdriver.WebDriver (session=\"9920727155673ea2b1af2a43587aee7a\")>.title\n\ntests/reg_test.py:36: AssertionError"}, "attachments": [{"name": "test_registration_02-04-2020_21-09-42", "source": "681f63de-8b45-4f00-873d-15e7bcfbb527-attachment.png", "type": "image/png"}, {"name": "stdout", "source": "1d9d9bac-d891-4469-a50d-6e4a2e12017e-attachment.txt", "type": "text/plain"}], "start": 1585858176802, "stop": 1585858183230, "uuid": "31bb5071-5339-4ffc-bd17-096f6a881b65", "historyId": "a2fb322deebf22fee1c5aec68fd5719e", "testCaseId": "95b2349800ad6a5cf8f398a140ec8611", "fullName": "tests.reg_test.TestUserRegistration#test_registration", "labels": [{"name": "parentSuite", "value": "tests"}, {"name": "suite", "value": "reg_test"}, {"name": "subSuite", "value": "TestUserRegistration"}, {"name": "host", "value": "Sharaths-MacBook-Air.local"}, {"name": "thread", "value": "7416-MainThread"}, {"name": "framework", "value": "pytest"}, {"name": "language", "value": "cpython3"}, {"name": "package", "value": "tests.reg_test"}]}