{"name": "test_registration", "status": "failed", "statusDetails": {"message": "AssertionError: assert 'Your Account Has Been Created' in 'Register Account'\n +  where 'Register Account' = <selenium.webdriver.chrome.webdriver.WebDriver (session=\"51636e2acbe4a76804336794242808c5\")>.title", "trace": "self = <reg_test.TestUserRegistration object at 0x10e800b38>\n\n    def test_registration(self):\n        try:\n            driver=self.driver\n            driver.get(utils.URL)\n    \n            home=HomePage(driver)\n            home.click_myacc_btn()\n            home.click_register_btn()\n    \n            register=RegisterPage(driver)\n            register.enter_firstname(utils.FIRSTNAME)\n            register.enter_lastname(utils.LASTNAME)\n            register.enter_email(utils.EMAIL)\n            register.enter_phone(utils.PHONE)\n            register.enter_password(utils.PASSWORD)\n            register.enter_confirmpwd(utils.CONFIRM_PWD)\n            register.click_newsletter_btn()\n            register.click_agree_btn()\n            register.click_continue()\n    \n            #driver.implicitly_wait(10)\n    \n>           assert \"Your Account Has Been Created\" in driver.title\nE           assert 'Your Account Has Been Created' in 'Register Account'\nE            +  where 'Register Account' = <selenium.webdriver.chrome.webdriver.WebDriver (session=\"51636e2acbe4a76804336794242808c5\")>.title\n\ntests/reg_test.py:36: AssertionError"}, "attachments": [{"name": "test_registration_02-04-2020_21-10-37", "source": "5612798c-45e0-4f01-94f4-a58617b28202-attachment.png", "type": "image/png"}, {"name": "stdout", "source": "f738d78a-d0e0-40c7-b39c-97c6565cfc57-attachment.txt", "type": "text/plain"}], "start": 1585858232226, "stop": 1585858238251, "uuid": "66631586-36b8-4ebe-a5a2-e28b952de2aa", "historyId": "a2fb322deebf22fee1c5aec68fd5719e", "testCaseId": "95b2349800ad6a5cf8f398a140ec8611", "fullName": "tests.reg_test.TestUserRegistration#test_registration", "labels": [{"name": "parentSuite", "value": "tests"}, {"name": "suite", "value": "reg_test"}, {"name": "subSuite", "value": "TestUserRegistration"}, {"name": "host", "value": "Sharaths-MacBook-Air.local"}, {"name": "thread", "value": "7456-MainThread"}, {"name": "framework", "value": "pytest"}, {"name": "language", "value": "cpython3"}, {"name": "package", "value": "tests.reg_test"}]}